mkdir: cannot create directory ‘/home/xie186/conda-bld’: File exists
No numpy version specified in conda_build_config.yaml.  Falling back to default numpy value of 1.11
WARNING:conda_build.metadata:No numpy version specified in conda_build_config.yaml.  Falling back to default numpy value of 1.11
INFO:conda_build.variants:Adding in variants from internal_defaults
/home/xie186/miniconda2/lib/python2.7/site-packages/conda_build/environ.py:422: UserWarning: The environment variable 'VERSION' is being passed through with value 2019.01.04.  If you are splitting build and test phases with --no-test, please ensure that this value is also set similarly at test time.
  UserWarning
/home/xie186/miniconda2/lib/python2.7/site-packages/conda_build/environ.py:422: UserWarning: The environment variable 'CONDA_BLD_PATH' is being passed through with value /home/xie186/conda-bld.  If you are splitting build and test phases with --no-test, please ensure that this value is also set similarly at test time.
  UserWarning
INFO:conda_build.metadata:Attempting to finalize metadata for viewbs
Traceback (most recent call last):
  File "/home/xie186/miniconda2/bin/conda-build", line 11, in <module>
    sys.exit(main())
  File "/home/xie186/miniconda2/lib/python2.7/site-packages/conda_build/cli/main_build.py", line 456, in main
    execute(sys.argv[1:])
  File "/home/xie186/miniconda2/lib/python2.7/site-packages/conda_build/cli/main_build.py", line 447, in execute
    verify=args.verify, variants=args.variants)
  File "/home/xie186/miniconda2/lib/python2.7/site-packages/conda_build/api.py", line 208, in build
    notest=notest, need_source_download=need_source_download, variants=variants)
  File "/home/xie186/miniconda2/lib/python2.7/site-packages/conda_build/build.py", line 2311, in build_tree
    notest=notest,
  File "/home/xie186/miniconda2/lib/python2.7/site-packages/conda_build/build.py", line 1397, in build
    create_build_envs(m, notest)
  File "/home/xie186/miniconda2/lib/python2.7/site-packages/conda_build/build.py", line 1281, in create_build_envs
    raise e
conda_build.exceptions.DependencyNeedsBuildingError: Unsatisfiable dependencies for platform linux-64: set(['soupsieve'])
usage: anaconda [-h] [--disable-ssl-warnings] [--show-traceback] [-v] [-q]
                [-V] [-t TOKEN] [-s SITE]
                ...
anaconda: error: argument : invalid choice: 'xie186' (choose from 'auth', u'label', u'channel', 'config', u'copy', u'download', 'groups', u'login', 'logout', u'move', u'notebook', 'package', 'remove', 'search', 'show', u'upload', u'whoami')
